<?xml version="1.0" encoding="UTF-8"?>
<!-- Generated by org.testng.reporters.JUnitReportReporter -->
<testsuite skipped="0" hostname="pc-PC" name="Runner.TestRunner" tests="1" failures="0" timestamp="2020-04-13T01:10:24 IST" time="97.901" errors="0">
  <testcase name="login" time="97.901" classname="Runner.TestRunner"/>
  <system-out/>
</testsuite> <!-- Runner.TestRunner -->
