<?xml version="1.0" encoding="UTF-8"?>
<!-- Generated by org.testng.reporters.JUnitReportReporter -->
<testsuite skipped="0" hostname="pc-PC" name="Runner.TestRunner1" tests="1" failures="0" timestamp="2020-04-13T01:10:24 IST" time="43.518" errors="0">
  <testcase name="login" time="43.518" classname="Runner.TestRunner1"/>
  <system-out/>
</testsuite> <!-- Runner.TestRunner1 -->
