<?xml version="1.0" encoding="UTF-8"?>
<!-- Generated by org.testng.reporters.JUnitReportReporter -->
<testsuite skipped="0" hostname="pc-PC" name="Runner.TestRunner" tests="1" failures="0" timestamp="2020-04-12T11:43:14 IST" time="141.037" errors="0">
  <testcase name="login" time="141.037" classname="Runner.TestRunner"/>
  <system-out/>
</testsuite> <!-- Runner.TestRunner -->
