<?xml version="1.0" encoding="UTF-8"?>
<!-- Generated by org.testng.reporters.JUnitReportReporter -->
<testsuite skipped="0" hostname="pc-PC" name="Runner.TestRunner1" tests="1" failures="0" timestamp="2020-04-12T11:43:14 IST" time="105.471" errors="0">
  <testcase name="login" time="105.471" classname="Runner.TestRunner1"/>
  <system-out/>
</testsuite> <!-- Runner.TestRunner1 -->
