<?xml version="1.0" encoding="UTF-8"?>
<!-- Generated by org.testng.reporters.JUnitReportReporter -->
<testsuite skipped="0" hostname="pc-PC" name="Runner.TestRunner2" tests="1" failures="0" timestamp="2020-04-12T11:43:15 IST" time="107.269" errors="0">
  <testcase name="login" time="107.269" classname="Runner.TestRunner2"/>
  <system-out/>
</testsuite> <!-- Runner.TestRunner2 -->
